<?xml version="1.0" encoding="UTF-8"?>
<testsuite name="MoneyTest" tests="1" skipped="0" failures="0" errors="0" timestamp="2022-02-05T12:57:23" hostname="DESKTOP-FU6B60B" time="0.013">
  <properties/>
  <testcase name="testMultiplication()" classname="MoneyTest" time="0.013"/>
  <system-out><![CDATA[]]></system-out>
  <system-err><![CDATA[]]></system-err>
</testsuite>
